\BOOKMARK [0][-]{dummy.1}{\376\377\000C\000o\000n\000t\000e\000n\000t\000s}{}% 1
\BOOKMARK [0][-]{dummy.3}{\376\377\000L\000i\000s\000t\000\040\000o\000f\000\040\000F\000i\000g\000u\000r\000e\000s}{}% 2
\BOOKMARK [0][-]{dummy.5}{\376\377\000L\000i\000s\000t\000\040\000o\000f\000\040\000T\000a\000b\000l\000e\000s}{}% 3
\BOOKMARK [0][-]{chapter.7}{\376\377\0001\000\040\000I\000n\000t\000r\000o\000d\000u\000c\000t\000i\000o\000n}{}% 4
\BOOKMARK [0][-]{chapter.8}{\376\377\0002\000\040\000P\000r\000o\000j\000e\000c\000t\000\040\000m\000a\000n\000a\000g\000e\000m\000e\000n\000t}{}% 5
\BOOKMARK [1][-]{section.10}{\376\377\0002\000.\0001\000\040\000B\000a\000s\000i\000c\000\040\000b\000u\000i\000l\000d\000i\000n\000g\000\040\000b\000l\000o\000c\000k\000s}{chapter.8}% 6
\BOOKMARK [2][-]{subsection.11}{\376\377\0002\000.\0001\000.\0001\000\040\000U\000I\000\040\000-\000\040\000U\000s\000e\000r\000\040\000I\000n\000t\000e\000r\000f\000a\000c\000e}{section.10}% 7
\BOOKMARK [2][-]{subsection.12}{\376\377\0002\000.\0001\000.\0002\000\040\000D\000a\000t\000a\000b\000a\000s\000e\000\040\000a\000n\000d\000\040\000d\000a\000t\000a\000\040\000s\000t\000r\000u\000c\000t\000u\000r\000e}{section.10}% 8
\BOOKMARK [2][-]{subsection.13}{\376\377\0002\000.\0001\000.\0003\000\040\000M\000a\000p\000\040\000r\000e\000p\000r\000e\000s\000e\000n\000t\000a\000t\000i\000o\000n}{section.10}% 9
\BOOKMARK [2][-]{subsection.14}{\376\377\0002\000.\0001\000.\0004\000\040\000P\000a\000t\000h\000\040\000a\000l\000g\000o\000r\000i\000t\000h\000m\000s}{section.10}% 10
\BOOKMARK [1][-]{section.15}{\376\377\0002\000.\0002\000\040\000S\000o\000f\000t\000w\000a\000r\000e\000s\000\040\000u\000s\000e\000d\000\040\000f\000o\000r\000\040\000p\000r\000o\000j\000e\000c\000t\000\040\000m\000a\000n\000a\000g\000e\000m\000e\000n\000t}{chapter.8}% 11
\BOOKMARK [1][-]{section.16}{\376\377\0002\000.\0003\000\040\000M\000e\000e\000t\000i\000n\000g\000s}{chapter.8}% 12
\BOOKMARK [0][-]{chapter.17}{\376\377\0003\000\040\000I\000n\000i\000t\000i\000a\000l\000\040\000p\000l\000a\000n\000n\000i\000n\000g}{}% 13
\BOOKMARK [1][-]{section.18}{\376\377\0003\000.\0001\000\040\000U\000s\000e\000r\000\040\000r\000e\000q\000u\000i\000r\000e\000m\000e\000n\000t\000\040\000a\000n\000a\000l\000y\000s\000i\000s}{chapter.17}% 14
\BOOKMARK [1][-]{section.20}{\376\377\0003\000.\0002\000\040\000P\000l\000a\000n\000\040\000o\000f\000\040\000i\000m\000p\000l\000e\000m\000e\000n\000t\000a\000t\000i\000o\000n}{chapter.17}% 15
\BOOKMARK [1][-]{section.21}{\376\377\0003\000.\0003\000\040\000M\000A\000Y\000B\000E\000\040\000T\000I\000M\000E\000\040\000P\000L\000A\000N\000?}{chapter.17}% 16
\BOOKMARK [0][-]{chapter.22}{\376\377\0004\000\040\000D\000a\000t\000a\000\040\000s\000o\000u\000r\000c\000e\000s}{}% 17
\BOOKMARK [1][-]{section.23}{\376\377\0004\000.\0001\000\040\000M\000a\000p\000\040\000d\000a\000t\000a\000\040\000-\000\040\000O\000p\000e\000n\000S\000t\000r\000e\000e\000t\000M\000a\000p}{chapter.22}% 18
\BOOKMARK [2][-]{subsection.24}{\376\377\0004\000.\0001\000.\0001\000\040\000D\000a\000t\000a\000\040\000f\000o\000r\000m\000a\000t}{section.23}% 19
\BOOKMARK [1][-]{section.26}{\376\377\0004\000.\0002\000\040\000P\000o\000i\000n\000t\000s\000\040\000o\000f\000\040\000I\000n\000t\000e\000r\000e\000s\000t\000\040\000\050\000P\000O\000I\000\051}{chapter.22}% 20
\BOOKMARK [0][-]{chapter.27}{\376\377\0005\000\040\000D\000a\000t\000a\000b\000a\000s\000e\000\040\000a\000n\000d\000\040\000d\000a\000t\000a\000\040\000s\000t\000r\000u\000c\000t\000u\000r\000e}{}% 21
\BOOKMARK [1][-]{section.28}{\376\377\0005\000.\0001\000\040\000D\000a\000t\000a\000b\000a\000s\000e}{chapter.27}% 22
\BOOKMARK [2][-]{subsection.29}{\376\377\0005\000.\0001\000.\0001\000\040\000D\000i\000s\000a\000d\000v\000a\000n\000t\000a\000g\000e}{section.28}% 23
\BOOKMARK [1][-]{section.30}{\376\377\0005\000.\0002\000\040\000D\000a\000t\000a\000\040\000s\000t\000r\000u\000c\000t\000u\000r\000e}{chapter.27}% 24
\BOOKMARK [2][-]{subsubsection.32}{\376\377\0005\000.\0002\000.\0000\000.\0001\000\040\000N\000o\000d\000e\000\040\000c\000l\000a\000s\000s}{section.30}% 25
\BOOKMARK [3][-]{subsubsection.33}{\376\377\0005\000.\0002\000.\0000\000.\0002\000\040\000W\000a\000y\000\040\000c\000l\000a\000s\000s}{subsubsection.32}% 26
\BOOKMARK [3][-]{subsubsection.34}{\376\377\0005\000.\0002\000.\0000\000.\0003\000\040\000R\000e\000l\000a\000t\000i\000o\000n\000\040\000c\000l\000a\000s\000s}{subsubsection.32}% 27
\BOOKMARK [3][-]{subsubsection.35}{\376\377\0005\000.\0002\000.\0000\000.\0004\000\040\000W\000a\000y\000S\000e\000g\000m\000e\000n\000t\000\040\000c\000l\000a\000s\000s}{subsubsection.32}% 28
\BOOKMARK [3][-]{subsubsection.36}{\376\377\0005\000.\0002\000.\0000\000.\0005\000\040\000B\000u\000i\000l\000d\000i\000n\000g\000\040\000c\000l\000a\000s\000s}{subsubsection.32}% 29
\BOOKMARK [3][-]{subsubsection.37}{\376\377\0005\000.\0002\000.\0000\000.\0006\000\040\000P\000a\000t\000h\000S\000e\000g\000m\000e\000n\000t\000\040\000c\000l\000a\000s\000s}{subsubsection.32}% 30
\BOOKMARK [3][-]{subsubsection.38}{\376\377\0005\000.\0002\000.\0000\000.\0007\000\040\000P\000a\000t\000h\000\040\000c\000l\000a\000s\000s}{subsubsection.32}% 31
\BOOKMARK [3][-]{subsubsection.39}{\376\377\0005\000.\0002\000.\0000\000.\0008\000\040\000D\000a\000t\000a\000b\000a\000s\000e\000\040\000c\000l\000a\000s\000s}{subsubsection.32}% 32
\BOOKMARK [0][-]{chapter.41}{\376\377\0006\000\040\000G\000U\000I}{}% 33
\BOOKMARK [1][-]{section.42}{\376\377\0006\000.\0001\000\040\000C\000+\000+}{chapter.41}% 34
\BOOKMARK [1][-]{section.43}{\376\377\0006\000.\0002\000\040\000M\000a\000t\000l\000a\000b}{chapter.41}% 35
\BOOKMARK [2][-]{subsection.44}{\376\377\0006\000.\0002\000.\0001\000\040\000M\000A\000T\000L\000A\000B\000\040\000G\000U\000I}{section.43}% 36
\BOOKMARK [3][-]{subsubsection.45}{\376\377\0006\000.\0002\000.\0001\000.\0001\000\040\000C\000r\000e\000a\000t\000i\000n\000g\000\040\000G\000U\000I\000\040\000w\000i\000t\000h\000\040\000G\000U\000I\000D\000E\000\040\000L\000a\000y\000o\000u\000t\000\040\000E\000d\000i\000t\000o\000r}{subsection.44}% 37
\BOOKMARK [3][-]{subsubsection.46}{\376\377\0006\000.\0002\000.\0001\000.\0002\000\040\000M\000a\000p\000\040\000L\000a\000y\000e\000r\000s\000\040\000P\000l\000o\000t\000t\000i\000n\000g}{subsection.44}% 38
\BOOKMARK [3][-]{subsubsection.47}{\376\377\0006\000.\0002\000.\0001\000.\0003\000\040\000M\000o\000u\000s\000e\000\040\000C\000l\000i\000c\000k\000\040\000A\000n\000d\000\040\000D\000o\000t\000s\000\040\000P\000l\000o\000t\000t\000i\000n\000g}{subsection.44}% 39
\BOOKMARK [0][-]{chapter.48}{\376\377\0007\000\040\000C\000+\000+\000\040\000v\000s\000\040\000M\000A\000T\000L\000A\000B}{}% 40
\BOOKMARK [1][-]{section*.49}{}{chapter.48}% 41
\BOOKMARK [2][-]{section*.50}{}{section*.49}% 42
\BOOKMARK [3][-]{section*.51}{}{section*.50}% 43
\BOOKMARK [4][-]{section*.52}{}{section*.51}% 44
\BOOKMARK [4][-]{section*.53}{}{section*.51}% 45
\BOOKMARK [4][-]{section*.54}{}{section*.51}% 46
\BOOKMARK [4][-]{section*.55}{}{section*.51}% 47
\BOOKMARK [0][-]{appendix.56}{\376\377\000A\000\040\000A\000p\000p\000e\000n\000d\000i\000x\000\040\000T\000i\000t\000l\000e\000\040\000H\000e\000r\000e}{}% 48
\BOOKMARK [0][-]{dummy.57}{\376\377\000B\000i\000b\000l\000i\000o\000g\000r\000a\000p\000h\000y}{}% 49
