\BOOKMARK [0][-]{dummy.1}{\376\377\000C\000o\000n\000t\000e\000n\000t\000s}{}% 1
\BOOKMARK [0][-]{dummy.3}{\376\377\000L\000i\000s\000t\000\040\000o\000f\000\040\000F\000i\000g\000u\000r\000e\000s}{}% 2
\BOOKMARK [0][-]{chapter.5}{\376\377\0001\000\040\000I\000n\000t\000r\000o\000d\000u\000c\000t\000i\000o\000n}{}% 3
\BOOKMARK [0][-]{chapter.6}{\376\377\0002\000\040\000P\000r\000o\000j\000e\000c\000t\000\040\000m\000a\000n\000a\000g\000e\000m\000e\000n\000t}{}% 4
\BOOKMARK [1][-]{section.8}{\376\377\0002\000.\0001\000\040\000B\000a\000s\000i\000c\000\040\000b\000u\000i\000l\000d\000i\000n\000g\000\040\000b\000l\000o\000c\000k\000s}{chapter.6}% 5
\BOOKMARK [2][-]{subsection.9}{\376\377\0002\000.\0001\000.\0001\000\040\000U\000I\000\040\000-\000\040\000U\000s\000e\000r\000\040\000I\000n\000t\000e\000r\000f\000a\000c\000e}{section.8}% 6
\BOOKMARK [2][-]{subsection.10}{\376\377\0002\000.\0001\000.\0002\000\040\000D\000a\000t\000a\000b\000a\000s\000e\000\040\000a\000n\000d\000\040\000d\000a\000t\000a\000\040\000s\000t\000r\000u\000c\000t\000u\000r\000e}{section.8}% 7
\BOOKMARK [2][-]{subsection.11}{\376\377\0002\000.\0001\000.\0003\000\040\000M\000a\000p\000\040\000r\000e\000p\000r\000e\000s\000e\000n\000t\000a\000t\000i\000o\000n}{section.8}% 8
\BOOKMARK [2][-]{subsection.12}{\376\377\0002\000.\0001\000.\0004\000\040\000P\000a\000t\000h\000\040\000a\000l\000g\000o\000r\000i\000t\000h\000m\000s}{section.8}% 9
\BOOKMARK [1][-]{section.13}{\376\377\0002\000.\0002\000\040\000M\000e\000e\000t\000i\000n\000g\000s\000\040\000a\000n\000d\000\040\000P\000r\000o\000j\000e\000c\000t\000\040\000P\000r\000o\000g\000r\000e\000s\000s}{chapter.6}% 10
\BOOKMARK [2][-]{subsection.14}{\376\377\0002\000.\0002\000.\0001\000\040\000A\000n\000a\000l\000y\000z\000i\000n\000g\000\040\000t\000h\000e\000\040\000p\000r\000o\000b\000l\000e\000m}{section.13}% 11
\BOOKMARK [2][-]{subsection.15}{\376\377\0002\000.\0002\000.\0002\000\040\000P\000r\000e\000-\000i\000m\000p\000l\000e\000m\000e\000n\000t\000a\000t\000i\000o\000n\000\040\000s\000t\000a\000g\000e}{section.13}% 12
\BOOKMARK [2][-]{subsection.16}{\376\377\0002\000.\0002\000.\0003\000\040\000I\000m\000p\000l\000e\000m\000e\000n\000t\000a\000t\000i\000o\000n}{section.13}% 13
\BOOKMARK [1][-]{section.17}{\376\377\0002\000.\0003\000\040\000S\000o\000f\000t\000w\000a\000r\000e\000\040\000u\000s\000e\000d\000\040\000f\000o\000r\000\040\000p\000r\000o\000j\000e\000c\000t\000\040\000m\000a\000n\000a\000g\000e\000m\000e\000n\000t}{chapter.6}% 14
\BOOKMARK [0][-]{chapter.18}{\376\377\0003\000\040\000I\000n\000i\000t\000i\000a\000l\000\040\000p\000l\000a\000n\000n\000i\000n\000g}{}% 15
\BOOKMARK [1][-]{section.19}{\376\377\0003\000.\0001\000\040\000U\000s\000e\000r\000\040\000r\000e\000q\000u\000i\000r\000e\000m\000e\000n\000t\000\040\000a\000n\000a\000l\000y\000s\000i\000s}{chapter.18}% 16
\BOOKMARK [1][-]{section.21}{\376\377\0003\000.\0002\000\040\000P\000l\000a\000n\000\040\000o\000f\000\040\000i\000m\000p\000l\000e\000m\000e\000n\000t\000a\000t\000i\000o\000n}{chapter.18}% 17
\BOOKMARK [1][-]{section.22}{\376\377\0003\000.\0003\000\040\000M\000A\000Y\000B\000E\000\040\000T\000I\000M\000E\000\040\000P\000L\000A\000N\000?}{chapter.18}% 18
\BOOKMARK [0][-]{chapter.23}{\376\377\0004\000\040\000D\000a\000t\000a\000\040\000s\000o\000u\000r\000c\000e\000s}{}% 19
\BOOKMARK [1][-]{section.24}{\376\377\0004\000.\0001\000\040\000M\000a\000p\000\040\000d\000a\000t\000a\000\040\000-\000\040\000O\000p\000e\000n\000S\000t\000r\000e\000e\000t\000M\000a\000p}{chapter.23}% 20
\BOOKMARK [2][-]{subsection.25}{\376\377\0004\000.\0001\000.\0001\000\040\000D\000a\000t\000a\000\040\000f\000o\000r\000m\000a\000t}{section.24}% 21
\BOOKMARK [1][-]{section.27}{\376\377\0004\000.\0002\000\040\000P\000o\000i\000n\000t\000s\000\040\000o\000f\000\040\000I\000n\000t\000e\000r\000e\000s\000t\000\040\000\050\000P\000O\000I\000\051}{chapter.23}% 22
\BOOKMARK [0][-]{chapter.28}{\376\377\0005\000\040\000D\000a\000t\000a\000b\000a\000s\000e\000\040\000a\000n\000d\000\040\000d\000a\000t\000a\000\040\000s\000t\000r\000u\000c\000t\000u\000r\000e}{}% 23
\BOOKMARK [1][-]{section.29}{\376\377\0005\000.\0001\000\040\000D\000a\000t\000a\000b\000a\000s\000e}{chapter.28}% 24
\BOOKMARK [2][-]{subsection.30}{\376\377\0005\000.\0001\000.\0001\000\040\000D\000i\000s\000a\000d\000v\000a\000n\000t\000a\000g\000e}{section.29}% 25
\BOOKMARK [1][-]{section.31}{\376\377\0005\000.\0002\000\040\000D\000a\000t\000a\000\040\000s\000t\000r\000u\000c\000t\000u\000r\000e}{chapter.28}% 26
\BOOKMARK [0][-]{chapter.42}{\376\377\0006\000\040\000P\000a\000t\000h\000\040\000a\000l\000g\000o\000r\000i\000t\000h\000m\000s}{}% 27
\BOOKMARK [1][-]{section.43}{\376\377\0006\000.\0001\000\040\000A\000*\000\040\000a\000l\000g\000o\000r\000i\000t\000h\000m}{chapter.42}% 28
\BOOKMARK [2][-]{subsection.44}{\376\377\0006\000.\0001\000.\0001\000\040\000P\000r\000o\000c\000e\000s\000s}{section.43}% 29
\BOOKMARK [1][-]{section.45}{\376\377\0006\000.\0002\000\040\000R\000o\000a\000d\000\040\000s\000n\000a\000p\000p\000i\000n\000g}{chapter.42}% 30
\BOOKMARK [2][-]{subsection.47}{\376\377\0006\000.\0002\000.\0001\000\040\000I\000m\000p\000l\000e\000m\000e\000n\000t\000a\000t\000i\000o\000n\000\040\000i\000n\000\040\000C\000+\000+}{section.45}% 31
\BOOKMARK [2][-]{subsection.49}{\376\377\0006\000.\0002\000.\0002\000\040\000I\000m\000p\000l\000e\000m\000e\000n\000t\000a\000t\000i\000o\000n\000\040\000i\000n\000\040\000M\000a\000t\000l\000a\000b}{section.45}% 32
\BOOKMARK [1][-]{section.50}{\376\377\0006\000.\0003\000\040\000S\000h\000o\000r\000t\000e\000s\000t\000\040\000p\000a\000t\000h\000\040\000A\000\040\000-\000>\000\040\000B}{chapter.42}% 33
\BOOKMARK [2][-]{subsection.52}{\376\377\0006\000.\0003\000.\0001\000\040\000I\000m\000p\000l\000e\000m\000e\000n\000t\000a\000t\000i\000o\000n}{section.50}% 34
\BOOKMARK [1][-]{section.55}{\376\377\0006\000.\0004\000\040\000R\000a\000d\000i\000u\000s\000\040\000s\000e\000a\000r\000c\000h}{chapter.42}% 35
\BOOKMARK [2][-]{subsection.57}{\376\377\0006\000.\0004\000.\0001\000\040\000I\000m\000p\000l\000e\000m\000e\000n\000t\000a\000t\000i\000o\000n\000\040\000i\000n\000\040\000C\000+\000+}{section.55}% 36
\BOOKMARK [2][-]{subsection.59}{\376\377\0006\000.\0004\000.\0002\000\040\000I\000m\000p\000l\000e\000m\000e\000n\000t\000a\000t\000i\000o\000n\000\040\000i\000n\000\040\000M\000a\000t\000l\000a\000b}{section.55}% 37
\BOOKMARK [1][-]{section.60}{\376\377\0006\000.\0005\000\040\000I\000t\000i\000n\000e\000r\000a\000r\000y\000\040\000s\000e\000a\000r\000c\000h}{chapter.42}% 38
\BOOKMARK [2][-]{subsection.62}{\376\377\0006\000.\0005\000.\0001\000\040\000I\000m\000p\000l\000e\000m\000e\000n\000t\000a\000t\000i\000o\000n\000\040\000i\000n\000\040\000C\000+\000+}{section.60}% 39
\BOOKMARK [2][-]{subsection.64}{\376\377\0006\000.\0005\000.\0002\000\040\000I\000m\000p\000l\000e\000m\000e\000n\000t\000a\000t\000i\000o\000n\000\040\000i\000n\000\040\000M\000a\000t\000l\000a\000b}{section.60}% 40
\BOOKMARK [0][-]{chapter.66}{\376\377\0007\000\040\000G\000r\000a\000p\000h\000i\000c\000a\000l\000\040\000u\000s\000e\000r\000\040\000i\000n\000t\000e\000r\000f\000a\000c\000e\000\040\000-\000\040\000G\000U\000I}{}% 41
\BOOKMARK [1][-]{section.67}{\376\377\0007\000.\0001\000\040\000C\000+\000+}{chapter.66}% 42
\BOOKMARK [1][-]{section.68}{\376\377\0007\000.\0002\000\040\000M\000a\000t\000l\000a\000b}{chapter.66}% 43
\BOOKMARK [2][-]{subsection.69}{\376\377\0007\000.\0002\000.\0001\000\040\000M\000A\000T\000L\000A\000B\000\040\000G\000U\000I}{section.68}% 44
\BOOKMARK [0][-]{chapter.73}{\376\377\0008\000\040\000C\000+\000+\000\040\000v\000s\000\040\000M\000A\000T\000L\000A\000B}{}% 45
\BOOKMARK [0][-]{appendix.81}{\376\377\000A\000\040\000A\000p\000p\000e\000n\000d\000i\000x\000\040\000T\000i\000t\000l\000e\000\040\000H\000e\000r\000e}{}% 46
\BOOKMARK [0][-]{dummy.82}{\376\377\000B\000i\000b\000l\000i\000o\000g\000r\000a\000p\000h\000y}{}% 47
