This is pdfTeX, Version 3.1415926-2.4-1.40.13 (MiKTeX 2.9 64-bit) (preloaded format=pdflatex 2013.10.4)  5 JAN 2014 23:22
entering extended mode
**main.tex
(E:\Developing\Vibot\SE\GIT\SE2013-Report\Thesis\main.tex
LaTeX2e <2011/06/27>
Babel <v3.8m> and hyphenation patterns for english, afrikaans, ancientgreek, ar
abic, armenian, assamese, basque, bengali, bokmal, bulgarian, catalan, coptic, 
croatian, czech, danish, dutch, esperanto, estonian, farsi, finnish, french, ga
lician, german, german-x-2012-05-30, greek, gujarati, hindi, hungarian, iceland
ic, indonesian, interlingua, irish, italian, kannada, kurmanji, latin, latvian,
 lithuanian, malayalam, marathi, mongolian, mongolianlmc, monogreek, ngerman, n
german-x-2012-05-30, nynorsk, oriya, panjabi, pinyin, polish, portuguese, roman
ian, russian, sanskrit, serbian, slovak, slovenian, spanish, swedish, swissgerm
an, tamil, telugu, turkish, turkmen, ukenglish, ukrainian, uppersorbian, usengl
ishmax, welsh, loaded.
(E:\Developing\Vibot\SE\GIT\SE2013-Report\Thesis\Thesis.cls
Document Class: Thesis 2007/22/02 v1.0 LaTeX document class
("C:\Program Files\MiKTeX 2.9\tex\latex\base\book.cls"
Document Class: book 2007/10/19 v1.4h Standard LaTeX document class
("C:\Program Files\MiKTeX 2.9\tex\latex\base\bk11.clo"
File: bk11.clo 2007/10/19 v1.4h Standard LaTeX file (size option)
)
\c@part=\count79
\c@chapter=\count80
\c@section=\count81
\c@subsection=\count82
\c@subsubsection=\count83
\c@paragraph=\count84
\c@subparagraph=\count85
\c@figure=\count86
\c@table=\count87
\abovecaptionskip=\skip41
\belowcaptionskip=\skip42
\bibindent=\dimen102
)
("C:\Program Files\MiKTeX 2.9\tex\latex\setspace\setspace.sty"
Package: setspace 2011/12/19 v6.7a set line spacing
)
("C:\Program Files\MiKTeX 2.9\tex\latex\ieeepes\vmargin.sty"
Package: vmargin 1999/06/01

Package `vmargin', V2.2, <1999/06/01>
\PaperWidth=\dimen103
\PaperHeight=\dimen104
) ("C:\Program Files\MiKTeX 2.9\tex\latex\base\inputenc.sty"
Package: inputenc 2008/03/30 v1.1d Input encoding file
\inpenc@prehook=\toks14
\inpenc@posthook=\toks15

("C:\Program Files\MiKTeX 2.9\tex\latex\base\utf8.def"
File: utf8.def 2008/04/05 v1.1m UTF-8 support for inputenc
Now handling font encoding OML ...
... no UTF-8 mapping file for font encoding OML
Now handling font encoding T1 ...
... processing UTF-8 mapping file for font encoding T1

("C:\Program Files\MiKTeX 2.9\tex\latex\base\t1enc.dfu"
File: t1enc.dfu 2008/04/05 v1.1m UTF-8 support for inputenc
   defining Unicode char U+00A1 (decimal 161)
   defining Unicode char U+00A3 (decimal 163)
   defining Unicode char U+00AB (decimal 171)
   defining Unicode char U+00BB (decimal 187)
   defining Unicode char U+00BF (decimal 191)
   defining Unicode char U+00C0 (decimal 192)
   defining Unicode char U+00C1 (decimal 193)
   defining Unicode char U+00C2 (decimal 194)
   defining Unicode char U+00C3 (decimal 195)
   defining Unicode char U+00C4 (decimal 196)
   defining Unicode char U+00C5 (decimal 197)
   defining Unicode char U+00C6 (decimal 198)
   defining Unicode char U+00C7 (decimal 199)
   defining Unicode char U+00C8 (decimal 200)
   defining Unicode char U+00C9 (decimal 201)
   defining Unicode char U+00CA (decimal 202)
   defining Unicode char U+00CB (decimal 203)
   defining Unicode char U+00CC (decimal 204)
   defining Unicode char U+00CD (decimal 205)
   defining Unicode char U+00CE (decimal 206)
   defining Unicode char U+00CF (decimal 207)
   defining Unicode char U+00D0 (decimal 208)
   defining Unicode char U+00D1 (decimal 209)
   defining Unicode char U+00D2 (decimal 210)
   defining Unicode char U+00D3 (decimal 211)
   defining Unicode char U+00D4 (decimal 212)
   defining Unicode char U+00D5 (decimal 213)
   defining Unicode char U+00D6 (decimal 214)
   defining Unicode char U+00D8 (decimal 216)
   defining Unicode char U+00D9 (decimal 217)
   defining Unicode char U+00DA (decimal 218)
   defining Unicode char U+00DB (decimal 219)
   defining Unicode char U+00DC (decimal 220)
   defining Unicode char U+00DD (decimal 221)
   defining Unicode char U+00DE (decimal 222)
   defining Unicode char U+00DF (decimal 223)
   defining Unicode char U+00E0 (decimal 224)
   defining Unicode char U+00E1 (decimal 225)
   defining Unicode char U+00E2 (decimal 226)
   defining Unicode char U+00E3 (decimal 227)
   defining Unicode char U+00E4 (decimal 228)
   defining Unicode char U+00E5 (decimal 229)
   defining Unicode char U+00E6 (decimal 230)
   defining Unicode char U+00E7 (decimal 231)
   defining Unicode char U+00E8 (decimal 232)
   defining Unicode char U+00E9 (decimal 233)
   defining Unicode char U+00EA (decimal 234)
   defining Unicode char U+00EB (decimal 235)
   defining Unicode char U+00EC (decimal 236)
   defining Unicode char U+00ED (decimal 237)
   defining Unicode char U+00EE (decimal 238)
   defining Unicode char U+00EF (decimal 239)
   defining Unicode char U+00F0 (decimal 240)
   defining Unicode char U+00F1 (decimal 241)
   defining Unicode char U+00F2 (decimal 242)
   defining Unicode char U+00F3 (decimal 243)
   defining Unicode char U+00F4 (decimal 244)
   defining Unicode char U+00F5 (decimal 245)
   defining Unicode char U+00F6 (decimal 246)
   defining Unicode char U+00F8 (decimal 248)
   defining Unicode char U+00F9 (decimal 249)
   defining Unicode char U+00FA (decimal 250)
   defining Unicode char U+00FB (decimal 251)
   defining Unicode char U+00FC (decimal 252)
   defining Unicode char U+00FD (decimal 253)
   defining Unicode char U+00FE (decimal 254)
   defining Unicode char U+00FF (decimal 255)
   defining Unicode char U+0102 (decimal 258)
   defining Unicode char U+0103 (decimal 259)
   defining Unicode char U+0104 (decimal 260)
   defining Unicode char U+0105 (decimal 261)
   defining Unicode char U+0106 (decimal 262)
   defining Unicode char U+0107 (decimal 263)
   defining Unicode char U+010C (decimal 268)
   defining Unicode char U+010D (decimal 269)
   defining Unicode char U+010E (decimal 270)
   defining Unicode char U+010F (decimal 271)
   defining Unicode char U+0110 (decimal 272)
   defining Unicode char U+0111 (decimal 273)
   defining Unicode char U+0118 (decimal 280)
   defining Unicode char U+0119 (decimal 281)
   defining Unicode char U+011A (decimal 282)
   defining Unicode char U+011B (decimal 283)
   defining Unicode char U+011E (decimal 286)
   defining Unicode char U+011F (decimal 287)
   defining Unicode char U+0130 (decimal 304)
   defining Unicode char U+0131 (decimal 305)
   defining Unicode char U+0132 (decimal 306)
   defining Unicode char U+0133 (decimal 307)
   defining Unicode char U+0139 (decimal 313)
   defining Unicode char U+013A (decimal 314)
   defining Unicode char U+013D (decimal 317)
   defining Unicode char U+013E (decimal 318)
   defining Unicode char U+0141 (decimal 321)
   defining Unicode char U+0142 (decimal 322)
   defining Unicode char U+0143 (decimal 323)
   defining Unicode char U+0144 (decimal 324)
   defining Unicode char U+0147 (decimal 327)
   defining Unicode char U+0148 (decimal 328)
   defining Unicode char U+014A (decimal 330)
   defining Unicode char U+014B (decimal 331)
   defining Unicode char U+0150 (decimal 336)
   defining Unicode char U+0151 (decimal 337)
   defining Unicode char U+0152 (decimal 338)
   defining Unicode char U+0153 (decimal 339)
   defining Unicode char U+0154 (decimal 340)
   defining Unicode char U+0155 (decimal 341)
   defining Unicode char U+0158 (decimal 344)
   defining Unicode char U+0159 (decimal 345)
   defining Unicode char U+015A (decimal 346)
   defining Unicode char U+015B (decimal 347)
   defining Unicode char U+015E (decimal 350)
   defining Unicode char U+015F (decimal 351)
   defining Unicode char U+0160 (decimal 352)
   defining Unicode char U+0161 (decimal 353)
   defining Unicode char U+0162 (decimal 354)
   defining Unicode char U+0163 (decimal 355)
   defining Unicode char U+0164 (decimal 356)
   defining Unicode char U+0165 (decimal 357)
   defining Unicode char U+016E (decimal 366)
   defining Unicode char U+016F (decimal 367)
   defining Unicode char U+0170 (decimal 368)
   defining Unicode char U+0171 (decimal 369)
   defining Unicode char U+0178 (decimal 376)
   defining Unicode char U+0179 (decimal 377)
   defining Unicode char U+017A (decimal 378)
   defining Unicode char U+017B (decimal 379)
   defining Unicode char U+017C (decimal 380)
   defining Unicode char U+017D (decimal 381)
   defining Unicode char U+017E (decimal 382)
   defining Unicode char U+200C (decimal 8204)
   defining Unicode char U+2013 (decimal 8211)
   defining Unicode char U+2014 (decimal 8212)
   defining Unicode char U+2018 (decimal 8216)
   defining Unicode char U+2019 (decimal 8217)
   defining Unicode char U+201A (decimal 8218)
   defining Unicode char U+201C (decimal 8220)
   defining Unicode char U+201D (decimal 8221)
   defining Unicode char U+201E (decimal 8222)
   defining Unicode char U+2030 (decimal 8240)
   defining Unicode char U+2031 (decimal 8241)
   defining Unicode char U+2039 (decimal 8249)
   defining Unicode char U+203A (decimal 8250)
   defining Unicode char U+2423 (decimal 9251)
)
Now handling font encoding OT1 ...
... processing UTF-8 mapping file for font encoding OT1

("C:\Program Files\MiKTeX 2.9\tex\latex\base\ot1enc.dfu"
File: ot1enc.dfu 2008/04/05 v1.1m UTF-8 support for inputenc
   defining Unicode char U+00A1 (decimal 161)
   defining Unicode char U+00A3 (decimal 163)
   defining Unicode char U+00B8 (decimal 184)
   defining Unicode char U+00BF (decimal 191)
   defining Unicode char U+00C5 (decimal 197)
   defining Unicode char U+00C6 (decimal 198)
   defining Unicode char U+00D8 (decimal 216)
   defining Unicode char U+00DF (decimal 223)
   defining Unicode char U+00E6 (decimal 230)
   defining Unicode char U+00EC (decimal 236)
   defining Unicode char U+00ED (decimal 237)
   defining Unicode char U+00EE (decimal 238)
   defining Unicode char U+00EF (decimal 239)
   defining Unicode char U+00F8 (decimal 248)
   defining Unicode char U+0131 (decimal 305)
   defining Unicode char U+0141 (decimal 321)
   defining Unicode char U+0142 (decimal 322)
   defining Unicode char U+0152 (decimal 338)
   defining Unicode char U+0153 (decimal 339)
   defining Unicode char U+2013 (decimal 8211)
   defining Unicode char U+2014 (decimal 8212)
   defining Unicode char U+2018 (decimal 8216)
   defining Unicode char U+2019 (decimal 8217)
   defining Unicode char U+201C (decimal 8220)
   defining Unicode char U+201D (decimal 8221)
)
Now handling font encoding OMS ...
... processing UTF-8 mapping file for font encoding OMS

("C:\Program Files\MiKTeX 2.9\tex\latex\base\omsenc.dfu"
File: omsenc.dfu 2008/04/05 v1.1m UTF-8 support for inputenc
   defining Unicode char U+00A7 (decimal 167)
   defining Unicode char U+00B6 (decimal 182)
   defining Unicode char U+00B7 (decimal 183)
   defining Unicode char U+2020 (decimal 8224)
   defining Unicode char U+2021 (decimal 8225)
   defining Unicode char U+2022 (decimal 8226)
)
Now handling font encoding OMX ...
... no UTF-8 mapping file for font encoding OMX
Now handling font encoding U ...
... no UTF-8 mapping file for font encoding U
   defining Unicode char U+00A9 (decimal 169)
   defining Unicode char U+00AA (decimal 170)
   defining Unicode char U+00AE (decimal 174)
   defining Unicode char U+00BA (decimal 186)
   defining Unicode char U+02C6 (decimal 710)
   defining Unicode char U+02DC (decimal 732)
   defining Unicode char U+200C (decimal 8204)
   defining Unicode char U+2026 (decimal 8230)
   defining Unicode char U+2122 (decimal 8482)
   defining Unicode char U+2423 (decimal 9251)
))
("C:\Program Files\MiKTeX 2.9\tex\latex\fancyhdr\fancyhdr.sty"
\fancy@headwidth=\skip43
\f@ncyO@elh=\skip44
\f@ncyO@erh=\skip45
\f@ncyO@olh=\skip46
\f@ncyO@orh=\skip47
\f@ncyO@elf=\skip48
\f@ncyO@erf=\skip49
\f@ncyO@olf=\skip50
\f@ncyO@orf=\skip51
)
("C:\Program Files\MiKTeX 2.9\tex\latex\amsmath\amsmath.sty"
Package: amsmath 2013/01/14 v2.14 AMS math features
\@mathmargin=\skip52

For additional information on amsmath, use the `?' option.
("C:\Program Files\MiKTeX 2.9\tex\latex\amsmath\amstext.sty"
Package: amstext 2000/06/29 v2.01

("C:\Program Files\MiKTeX 2.9\tex\latex\amsmath\amsgen.sty"
File: amsgen.sty 1999/11/30 v2.0
\@emptytoks=\toks16
\ex@=\dimen105
))
("C:\Program Files\MiKTeX 2.9\tex\latex\amsmath\amsbsy.sty"
Package: amsbsy 1999/11/29 v1.2d
\pmbraise@=\dimen106
)
("C:\Program Files\MiKTeX 2.9\tex\latex\amsmath\amsopn.sty"
Package: amsopn 1999/12/14 v2.01 operator names
)
\inf@bad=\count88
LaTeX Info: Redefining \frac on input line 210.
\uproot@=\count89
\leftroot@=\count90
LaTeX Info: Redefining \overline on input line 306.
\classnum@=\count91
\DOTSCASE@=\count92
LaTeX Info: Redefining \ldots on input line 378.
LaTeX Info: Redefining \dots on input line 381.
LaTeX Info: Redefining \cdots on input line 466.
\Mathstrutbox@=\box26
\strutbox@=\box27
\big@size=\dimen107
LaTeX Font Info:    Redeclaring font encoding OML on input line 566.
LaTeX Font Info:    Redeclaring font encoding OMS on input line 567.
\macc@depth=\count93
\c@MaxMatrixCols=\count94
\dotsspace@=\muskip10
\c@parentequation=\count95
\dspbrk@lvl=\count96
\tag@help=\toks17
\row@=\count97
\column@=\count98
\maxfields@=\count99
\andhelp@=\toks18
\eqnshift@=\dimen108
\alignsep@=\dimen109
\tagshift@=\dimen110
\tagwidth@=\dimen111
\totwidth@=\dimen112
\lineht@=\dimen113
\@envbody=\toks19
\multlinegap=\skip53
\multlinetaggap=\skip54
\mathdisplay@stack=\toks20
LaTeX Info: Redefining \[ on input line 2665.
LaTeX Info: Redefining \] on input line 2666.
)
("C:\Program Files\MiKTeX 2.9\tex\latex\amsfonts\amsfonts.sty"
Package: amsfonts 2013/01/14 v3.01 Basic AMSFonts support
\symAMSa=\mathgroup4
\symAMSb=\mathgroup5
LaTeX Font Info:    Overwriting math alphabet `\mathfrak' in version `bold'
(Font)                  U/euf/m/n --> U/euf/b/n on input line 106.
)
("C:\Program Files\MiKTeX 2.9\tex\latex\amsfonts\amssymb.sty"
Package: amssymb 2013/01/14 v3.01 AMS font symbols
)
("C:\Program Files\MiKTeX 2.9\tex\latex\amsmath\amscd.sty"
Package: amscd 1999/11/29 v2.0
\athelp@=\toks21
\minaw@=\dimen114
\bigaw@=\dimen115
\minCDarrowwidth=\dimen116
)
("C:\Program Files\MiKTeX 2.9\tex\latex\amscls\amsthm.sty"
Package: amsthm 2004/08/06 v2.20
\thm@style=\toks22
\thm@bodyfont=\toks23
\thm@headfont=\toks24
\thm@notefont=\toks25
\thm@headpunct=\toks26
\thm@preskip=\skip55
\thm@postskip=\skip56
\thm@headsep=\skip57
\dth@everypar=\toks27
)
("C:\Program Files\MiKTeX 2.9\tex\latex\tools\xspace.sty"
Package: xspace 2009/10/20 v1.13 Space after command names (DPC,MH)
)
\c@example=\count100
\c@theorem=\count101

("C:\Program Files\MiKTeX 2.9\tex\latex\caption\caption.sty"
Package: caption 2013/05/02 v3.3-89 Customizing captions (AR)

("C:\Program Files\MiKTeX 2.9\tex\latex\caption\caption3.sty"
Package: caption3 2013/05/02 v1.6-88 caption3 kernel (AR)
Package caption3 Info: TeX engine: e-TeX on input line 57.

("C:\Program Files\MiKTeX 2.9\tex\latex\graphics\keyval.sty"
Package: keyval 1999/03/16 v1.13 key=value parser (DPC)
\KV@toks@=\toks28
)
\captionmargin=\dimen117
\captionmargin@=\dimen118
\captionwidth=\dimen119
\caption@tempdima=\dimen120
\caption@indent=\dimen121
\caption@parindent=\dimen122
\caption@hangindent=\dimen123
)
\c@ContinuedFloat=\count102
)
("C:\Program Files\MiKTeX 2.9\tex\latex\graphics\graphicx.sty"
Package: graphicx 1999/02/16 v1.0f Enhanced LaTeX Graphics (DPC,SPQR)

("C:\Program Files\MiKTeX 2.9\tex\latex\graphics\graphics.sty"
Package: graphics 2009/02/05 v1.0o Standard LaTeX Graphics (DPC,SPQR)

("C:\Program Files\MiKTeX 2.9\tex\latex\graphics\trig.sty"
Package: trig 1999/03/16 v1.09 sin cos tan (DPC)
)
("C:\Program Files\MiKTeX 2.9\tex\latex\00miktex\graphics.cfg"
File: graphics.cfg 2007/01/18 v1.5 graphics configuration of teTeX/TeXLive
)
Package graphics Info: Driver file: pdftex.def on input line 91.

("C:\Program Files\MiKTeX 2.9\tex\latex\pdftex-def\pdftex.def"
File: pdftex.def 2011/05/27 v0.06d Graphics/color for pdfTeX

("C:\Program Files\MiKTeX 2.9\tex\generic\oberdiek\infwarerr.sty"
Package: infwarerr 2010/04/08 v1.3 Providing info/warning/error messages (HO)
)
("C:\Program Files\MiKTeX 2.9\tex\generic\oberdiek\ltxcmds.sty"
Package: ltxcmds 2011/11/09 v1.22 LaTeX kernel commands for general use (HO)
)
\Gread@gobject=\count103
))
\Gin@req@height=\dimen124
\Gin@req@width=\dimen125
)
("C:\Program Files\MiKTeX 2.9\tex\latex\oberdiek\epstopdf.sty"
Package: epstopdf 2010/02/09 v2.5 Conversion with epstopdf on the fly (HO)

("C:\Program Files\MiKTeX 2.9\tex\latex\oberdiek\epstopdf-base.sty"
Package: epstopdf-base 2010/02/09 v2.5 Base part for package epstopdf

("C:\Program Files\MiKTeX 2.9\tex\latex\oberdiek\grfext.sty"
Package: grfext 2010/08/19 v1.1 Manage graphics extensions (HO)

("C:\Program Files\MiKTeX 2.9\tex\generic\oberdiek\kvdefinekeys.sty"
Package: kvdefinekeys 2011/04/07 v1.3 Define keys (HO)
))
("C:\Program Files\MiKTeX 2.9\tex\latex\oberdiek\kvoptions.sty"
Package: kvoptions 2011/06/30 v3.11 Key value format for package options (HO)

("C:\Program Files\MiKTeX 2.9\tex\generic\oberdiek\kvsetkeys.sty"
Package: kvsetkeys 2012/04/25 v1.16 Key value parser (HO)

("C:\Program Files\MiKTeX 2.9\tex\generic\oberdiek\etexcmds.sty"
Package: etexcmds 2011/02/16 v1.5 Avoid name clashes with e-TeX commands (HO)

("C:\Program Files\MiKTeX 2.9\tex\generic\oberdiek\ifluatex.sty"
Package: ifluatex 2010/03/01 v1.3 Provides the ifluatex switch (HO)
Package ifluatex Info: LuaTeX not detected.
)
Package etexcmds Info: Could not find \expanded.
(etexcmds)             That can mean that you are not using pdfTeX 1.50 or
(etexcmds)             that some package has redefined \expanded.
(etexcmds)             In the latter case, load this package earlier.
)))
("C:\Program Files\MiKTeX 2.9\tex\generic\oberdiek\pdftexcmds.sty"
Package: pdftexcmds 2011/11/29 v0.20 Utility functions of pdfTeX for LuaTeX (HO
)

("C:\Program Files\MiKTeX 2.9\tex\generic\oberdiek\ifpdf.sty"
Package: ifpdf 2011/01/30 v2.3 Provides the ifpdf switch (HO)
Package ifpdf Info: pdfTeX in PDF mode is detected.
)
Package pdftexcmds Info: LuaTeX not detected.
Package pdftexcmds Info: \pdf@primitive is available.
Package pdftexcmds Info: \pdf@ifprimitive is available.
Package pdftexcmds Info: \pdfdraftmode found.
)
Package grfext Info: Graphics extension search list:
(grfext)             [.png,.pdf,.jpg,.mps,.jpeg,.jbig2,.jb2,.PNG,.PDF,.JPG,.JPE
G,.JBIG2,.JB2,.eps]
(grfext)             \AppendGraphicsExtensions on input line 452.
))
("C:\Program Files\MiKTeX 2.9\tex\latex\subfigure\subfigure.sty"
Package: subfigure 2002/07/30 v2.1.4 subfigure package
\subfigtopskip=\skip58
\subfigcapskip=\skip59
\subfigcaptopadj=\dimen126
\subfigbottomskip=\skip60
\subfigcapmargin=\dimen127
\subfiglabelskip=\skip61
\c@subfigure=\count104
\c@lofdepth=\count105
\c@subtable=\count106
\c@lotdepth=\count107

****************************************
* Local config file subfigure.cfg used *
****************************************
("C:\Program Files\MiKTeX 2.9\tex\latex\subfigure\subfigure.cfg")
\subfig@top=\skip62
\subfig@bottom=\skip63
)
("C:\Program Files\MiKTeX 2.9\tex\latex\booktabs\booktabs.sty"
Package: booktabs 2005/04/14 v1.61803 publication quality tables
\heavyrulewidth=\dimen128
\lightrulewidth=\dimen129
\cmidrulewidth=\dimen130
\belowrulesep=\dimen131
\belowbottomsep=\dimen132
\aboverulesep=\dimen133
\abovetopsep=\dimen134
\cmidrulesep=\dimen135
\cmidrulekern=\dimen136
\defaultaddspace=\dimen137
\@cmidla=\count108
\@cmidlb=\count109
\@aboverulesep=\dimen138
\@belowrulesep=\dimen139
\@thisruleclass=\count110
\@lastruleclass=\count111
\@thisrulewidth=\dimen140
)
("C:\Program Files\MiKTeX 2.9\tex\latex\rotating\rotating.sty"
Package: rotating 2009/03/28 v2.16a rotated objects in LaTeX

("C:\Program Files\MiKTeX 2.9\tex\latex\base\ifthen.sty"
Package: ifthen 2001/05/26 v1.1c Standard LaTeX ifthen package (DPC)
)
\c@r@tfl@t=\count112
\rotFPtop=\skip64
\rotFPbot=\skip65
\rot@float@box=\box28
\rot@mess@toks=\toks29
)
("C:\Program Files\MiKTeX 2.9\tex\latex\listings\listings.sty"
\lst@mode=\count113
\lst@gtempboxa=\box29
\lst@token=\toks30
\lst@length=\count114
\lst@currlwidth=\dimen141
\lst@column=\count115
\lst@pos=\count116
\lst@lostspace=\dimen142
\lst@width=\dimen143
\lst@newlines=\count117
\lst@lineno=\count118
\lst@maxwidth=\dimen144

(E:\Developing\Vibot\SE\GIT\SE2013-Report\Thesis\lstpatch.sty

***
*** This is a patch for listings 1.3, but you're using
*** version 1.4.
***
*** Patch file not loaded.
***

) ("C:\Program Files\MiKTeX 2.9\tex\latex\listings\lstmisc.sty"
File: lstmisc.sty 2007/02/22 1.4 (Carsten Heinz)
\c@lstnumber=\count119
\lst@skipnumbers=\count120
\lst@framebox=\box30
)
("C:\Program Files\MiKTeX 2.9\tex\latex\listings\listings.cfg"
File: listings.cfg 2007/02/22 1.4 listings configuration
))
Package: listings 2007/02/22 1.4 (Carsten Heinz)

(E:\Developing\Vibot\SE\GIT\SE2013-Report\Thesis\lstpatch.sty

***
*** This is a patch for listings 1.3, but you're using
*** version 1.4.
***
 *** Patch file not loaded.
***

) ("C:\Program Files\MiKTeX 2.9\tex\latex\hyperref\hyperref.sty"
Package: hyperref 2012/11/06 v6.83m Hypertext links for LaTeX

("C:\Program Files\MiKTeX 2.9\tex\generic\oberdiek\hobsub-hyperref.sty"
Package: hobsub-hyperref 2012/04/25 v1.12 Bundle oberdiek, subset hyperref (HO)


("C:\Program Files\MiKTeX 2.9\tex\generic\oberdiek\hobsub-generic.sty"
Package: hobsub-generic 2012/04/25 v1.12 Bundle oberdiek, subset generic (HO)
Package: hobsub 2012/04/25 v1.12 Construct package bundles (HO)
Package hobsub Info: Skipping package `infwarerr' (already loaded).
Package hobsub Info: Skipping package `ltxcmds' (already loaded).
Package hobsub Info: Skipping package `ifluatex' (already loaded).
Package: ifvtex 2010/03/01 v1.5 Detect VTeX and its facilities (HO)
Package ifvtex Info: VTeX not detected.
Package: intcalc 2007/09/27 v1.1 Expandable calculations with integers (HO)
Package hobsub Info: Skipping package `ifpdf' (already loaded).
Package hobsub Info: Skipping package `etexcmds' (already loaded).
Package hobsub Info: Skipping package `kvsetkeys' (already loaded).
Package hobsub Info: Skipping package `kvdefinekeys' (already loaded).
Package hobsub Info: Skipping package `pdftexcmds' (already loaded).
Package: pdfescape 2011/11/25 v1.13 Implements pdfTeX's escape features (HO)
Package: bigintcalc 2012/04/08 v1.3 Expandable calculations on big integers (HO
)
Package: bitset 2011/01/30 v1.1 Handle bit-vector datatype (HO)
Package: uniquecounter 2011/01/30 v1.2 Provide unlimited unique counter (HO)
)
Package hobsub Info: Skipping package `hobsub' (already loaded).
Package: letltxmacro 2010/09/02 v1.4 Let assignment for LaTeX macros (HO)
Package: hopatch 2011/06/24 v1.1 Wrapper for package hooks (HO)
Package: xcolor-patch 2011/01/30 xcolor patch
Package: atveryend 2011/06/30 v1.8 Hooks at the very end of document (HO)
Package atveryend Info: \enddocument detected (standard20110627).
Package: atbegshi 2011/10/05 v1.16 At begin shipout hook (HO)
Package: refcount 2011/10/16 v3.4 Data extraction from label references (HO)
Package: hycolor 2011/01/30 v1.7 Color options for hyperref/bookmark (HO)
)
("C:\Program Files\MiKTeX 2.9\tex\generic\ifxetex\ifxetex.sty"
Package: ifxetex 2010/09/12 v0.6 Provides ifxetex conditional
)
("C:\Program Files\MiKTeX 2.9\tex\latex\oberdiek\auxhook.sty"
Package: auxhook 2011/03/04 v1.3 Hooks for auxiliary files (HO)
)
\@linkdim=\dimen145
\Hy@linkcounter=\count121
\Hy@pagecounter=\count122

("C:\Program Files\MiKTeX 2.9\tex\latex\hyperref\pd1enc.def"
File: pd1enc.def 2012/11/06 v6.83m Hyperref: PDFDocEncoding definition (HO)
Now handling font encoding PD1 ...
... no UTF-8 mapping file for font encoding PD1
)
\Hy@SavedSpaceFactor=\count123

("C:\Program Files\MiKTeX 2.9\tex\latex\00miktex\hyperref.cfg"
File: hyperref.cfg 2002/06/06 v1.2 hyperref configuration of TeXLive
)
Package hyperref Info: Option `bookmarks' set `true' on input line 4319.
Package hyperref Info: Option `bookmarksopen' set `true' on input line 4319.
Package hyperref Info: Option `bookmarksnumbered' set `true' on input line 4319
.
Package hyperref Info: Option `hypertexnames' set `false' on input line 4319.
Package hyperref Info: Option `colorlinks' set `true' on input line 4319.
Package hyperref Info: Option `unicode' set `true' on input line 4319.

("C:\Program Files\MiKTeX 2.9\tex\latex\hyperref\puenc.def"
File: puenc.def 2012/11/06 v6.83m Hyperref: PDF Unicode definition (HO)
Now handling font encoding PU ...
... no UTF-8 mapping file for font encoding PU
)
Package hyperref Info: Option `breaklinks' set `true' on input line 4319.
Package hyperref Info: Hyper figures OFF on input line 4443.
Package hyperref Info: Link nesting OFF on input line 4448.
Package hyperref Info: Hyper index ON on input line 4451.
Package hyperref Info: Plain pages OFF on input line 4458.
Package hyperref Info: Backreferencing OFF on input line 4463.
Package hyperref Info: Implicit mode ON; LaTeX internals redefined.
Package hyperref Info: Bookmarks ON on input line 4688.
\c@Hy@tempcnt=\count124

("C:\Program Files\MiKTeX 2.9\tex\latex\ltxmisc\url.sty"
\Urlmuskip=\muskip11
Package: url 2006/04/12  ver 3.3  Verb mode for urls, etc.
)
LaTeX Info: Redefining \url on input line 5041.
\XeTeXLinkMargin=\dimen146
\Fld@menulength=\count125
\Field@Width=\dimen147
\Fld@charsize=\dimen148
Package hyperref Info: Hyper figures OFF on input line 6295.
Package hyperref Info: Link nesting OFF on input line 6300.
Package hyperref Info: Hyper index ON on input line 6303.
Package hyperref Info: backreferencing OFF on input line 6310.
Package hyperref Info: Link coloring ON on input line 6313.
Package hyperref Info: Link coloring with OCG OFF on input line 6320.
Package hyperref Info: PDF/A mode OFF on input line 6325.
LaTeX Info: Redefining \ref on input line 6365.
LaTeX Info: Redefining \pageref on input line 6369.
\Hy@abspage=\count126
\c@Item=\count127
\c@Hfootnote=\count128
)

Package hyperref Message: Driver (autodetected): hpdftex.

("C:\Program Files\MiKTeX 2.9\tex\latex\hyperref\hpdftex.def"
File: hpdftex.def 2012/11/06 v6.83m Hyperref driver for pdfTeX
\Fld@listcount=\count129
\c@bookmark@seq@number=\count130

("C:\Program Files\MiKTeX 2.9\tex\latex\oberdiek\rerunfilecheck.sty"
Package: rerunfilecheck 2011/04/15 v1.7 Rerun checks for auxiliary files (HO)
Package uniquecounter Info: New unique counter `rerunfilecheck' on input line 2
82.
)
\Hy@SectionHShift=\skip66
)
\c@dummy=\count131

("C:\Program Files\MiKTeX 2.9\tex\latex\tools\longtable.sty"
Package: longtable 2004/02/01 v4.11 Multi-page Table package (DPC)
\LTleft=\skip67
\LTright=\skip68
\LTpre=\skip69
\LTpost=\skip70
\LTchunksize=\count132
\LTcapwidth=\dimen149
\LT@head=\box31
\LT@firsthead=\box32
\LT@foot=\box33
\LT@lastfoot=\box34
\LT@cols=\count133
\LT@rows=\count134
\c@LT@tables=\count135
\c@LT@chunks=\count136
\LT@p@ftn=\toks31
))
("C:\Program Files\MiKTeX 2.9\tex\latex\natbib\natbib.sty"
Package: natbib 2010/09/13 8.31b (PWD, AO)
\bibhang=\skip71
\bibsep=\skip72
LaTeX Info: Redefining \cite on input line 694.
\c@NAT@ctr=\count137
)
Package hyperref Info: Option `colorlinks' set `true' on input line 33.

(E:\Developing\Vibot\SE\GIT\SE2013-Report\Thesis\main.aux)
LaTeX Font Info:    Checking defaults for OML/cmm/m/it on input line 36.
LaTeX Font Info:    ... okay on input line 36.
LaTeX Font Info:    Checking defaults for T1/cmr/m/n on input line 36.
LaTeX Font Info:    ... okay on input line 36.
LaTeX Font Info:    Checking defaults for OT1/cmr/m/n on input line 36.
LaTeX Font Info:    ... okay on input line 36.
LaTeX Font Info:    Checking defaults for OMS/cmsy/m/n on input line 36.
LaTeX Font Info:    ... okay on input line 36.
LaTeX Font Info:    Checking defaults for OMX/cmex/m/n on input line 36.
LaTeX Font Info:    ... okay on input line 36.
LaTeX Font Info:    Checking defaults for U/cmr/m/n on input line 36.
LaTeX Font Info:    ... okay on input line 36.
LaTeX Font Info:    Checking defaults for PD1/pdf/m/n on input line 36.
LaTeX Font Info:    ... okay on input line 36.
LaTeX Font Info:    Checking defaults for PU/pdf/m/n on input line 36.
LaTeX Font Info:    ... okay on input line 36.
Package caption Info: Begin \AtBeginDocument code.
Package caption Info: hyperref package is loaded.
Package caption Info: listings package is loaded.
Package caption Info: longtable package is loaded.

("C:\Program Files\MiKTeX 2.9\tex\latex\caption\ltcaption.sty"
Package: ltcaption 2013/02/03 v1.3-62 longtable captions (AR)
)
Package caption Info: rotating package is loaded.
Package caption Info: subfigure package is loaded.
Package caption Info: End \AtBeginDocument code.

("C:\Program Files\MiKTeX 2.9\tex\context\base\supp-pdf.mkii"
[Loading MPS to PDF converter (version 2006.09.02).]
\scratchcounter=\count138
\scratchdimen=\dimen150
\scratchbox=\box35
\nofMPsegments=\count139
\nofMParguments=\count140
\everyMPshowfont=\toks32
\MPscratchCnt=\count141
\MPscratchDim=\dimen151
\MPnumerator=\count142
\makeMPintoPDFobject=\count143
\everyMPtoPDFconversion=\toks33
)
\c@lstlisting=\count144
\AtBeginShipoutBox=\box36
 ("C:\Program Files\MiKTeX 2.9\tex\latex\graphics\color.sty"
Package: color 2005/11/14 v1.0j Standard LaTeX Color (DPC)

("C:\Program Files\MiKTeX 2.9\tex\latex\00miktex\color.cfg"
File: color.cfg 2007/01/18 v1.5 color configuration of teTeX/TeXLive
)
Package color Info: Driver file: pdftex.def on input line 130.
)
Package hyperref Info: Link coloring ON on input line 36.

("C:\Program Files\MiKTeX 2.9\tex\latex\hyperref\nameref.sty"
Package: nameref 2012/10/27 v2.43 Cross-referencing by name of section

("C:\Program Files\MiKTeX 2.9\tex\generic\oberdiek\gettitlestring.sty"
Package: gettitlestring 2010/12/03 v1.4 Cleanup title references (HO)
)
\c@section@level=\count145
)
LaTeX Info: Redefining \ref on input line 36.
LaTeX Info: Redefining \pageref on input line 36.
LaTeX Info: Redefining \nameref on input line 36.

(E:\Developing\Vibot\SE\GIT\SE2013-Report\Thesis\main.out)
(E:\Developing\Vibot\SE\GIT\SE2013-Report\Thesis\main.out)
\@outlinefile=\write3


Package hyperref Warning: Token not allowed in a PDF string (Unicode):
(hyperref)                removing `\vskip' on input line 52.

[1



{C:/ProgramData/MiKTeX/2.9/pdftex/config/pdftex.map}]
------------------------------------------------------------------------------
 Table of Contents
------------------------------------------------------------------------------
(E:\Developing\Vibot\SE\GIT\SE2013-Report\Thesis\main.toc
LaTeX Font Info:    Try loading font information for U+msa on input line 5.

("C:\Program Files\MiKTeX 2.9\tex\latex\amsfonts\umsa.fd"
File: umsa.fd 2013/01/14 v3.01 AMS symbols A
)
LaTeX Font Info:    Try loading font information for U+msb on input line 5.

("C:\Program Files\MiKTeX 2.9\tex\latex\amsfonts\umsb.fd"
File: umsb.fd 2013/01/14 v3.01 AMS symbols B
) [1

])
\tf@toc=\write4
 [2]
------------------------------------------------------------------------------
 List of Figures
------------------------------------------------------------------------------
(E:\Developing\Vibot\SE\GIT\SE2013-Report\Thesis\main.lof [3


])
\tf@lof=\write5
 [4]
(E:\Developing\Vibot\SE\GIT\SE2013-Report\Thesis\Chapters/Chapter1.tex
Chapter 1.
------------------------------------------------------------------------------
 1 Introduction
------------------------------------------------------------------------------
) (E:\Developing\Vibot\SE\GIT\SE2013-Report\Thesis\Chapters/Chapter2.tex
[1



]
Chapter 2.
------------------------------------------------------------------------------
 2 Project management
------------------------------------------------------------------------------
LaTeX Font Info:    Try loading font information for OMS+cmr on input line 12.
("C:\Program Files\MiKTeX 2.9\tex\latex\base\omscmr.fd"
File: omscmr.fd 1999/05/25 v2.5h Standard LaTeX font definitions
)
LaTeX Font Info:    Font shape `OMS/cmr/m/n' in size <10.95> not available
(Font)              Font shape `OMS/cmsy/m/n' tried instead on input line 12.

<Pictures/../pictures/Iterative_development_model_V2.jpg, id=428, 318.43968pt x
 167.12437pt>
File: Pictures/../pictures/Iterative_development_model_V2.jpg Graphic file (typ
e jpg)
 <use Pictures/../pictures/Iterative_development_model_V2.jpg>
Package pdftex.def Info: Pictures/../pictures/Iterative_development_model_V2.jp
g used on input line 20.
(pdftex.def)             Requested size: 216.86166pt x 113.81102pt.

[2

 <E:/Developing/Vibot/SE/GIT/SE2013-Report/Thesis/Pictures/../pictures/Iterativ
e_development_model_V2.jpg>]
<Pictures/../pictures/sketch.jpg, id=437, 639.38875pt x 259.97125pt>
File: Pictures/../pictures/sketch.jpg Graphic file (type jpg)

<use Pictures/../pictures/sketch.jpg>
Package pdftex.def Info: Pictures/../pictures/sketch.jpg used on input line 39.

(pdftex.def)             Requested size: 250.48637pt x 101.84456pt.
 [3 <E:/Developing/Vibot/SE/GIT/SE2013-Report/Thesis/Pictures/../pictures/sketc
h.jpg>] [4])
(E:\Developing\Vibot\SE\GIT\SE2013-Report\Thesis\Chapters/Chapter3.tex [5]
Chapter 3.
------------------------------------------------------------------------------
 3 Initial planning
------------------------------------------------------------------------------

<Pictures/../pictures/use_case_diagram_general.png, id=451, 199.2243pt x 120.45
pt>
File: Pictures/../pictures/use_case_diagram_general.png Graphic file (type png)

 <use Pictures/../pictures/use_case_diagram_general.png>
Package pdftex.def Info: Pictures/../pictures/use_case_diagram_general.png used
 on input line 28.
(pdftex.def)             Requested size: 396.59813pt x 239.7856pt.


LaTeX Warning: `h' float specifier changed to `ht'.

[6

]) (E:\Developing\Vibot\SE\GIT\SE2013-Report\Thesis\Chapters/Chapter4.tex
[7 <E:/Developing/Vibot/SE/GIT/SE2013-Report/Thesis/Pictures/../pictures/use_ca
se_diagram_general.png>]
Chapter 4.
------------------------------------------------------------------------------
 4 Data sources
------------------------------------------------------------------------------
[8

] <Pictures/../pictures/osm_flow.png, id=469, 71.7882pt x 31.5579pt>
File: Pictures/../pictures/osm_flow.png Graphic file (type png)

<use Pictures/../pictures/osm_flow.png>
Package pdftex.def Info: Pictures/../pictures/osm_flow.png used on input line 2
8.
(pdftex.def)             Requested size: 208.73653pt x 91.76834pt.
)
(E:\Developing\Vibot\SE\GIT\SE2013-Report\Thesis\Chapters/Chapter5.tex [9 <E:/D
eveloping/Vibot/SE/GIT/SE2013-Report/Thesis/Pictures/../pictures/osm_flow.png>]
Chapter 5.
------------------------------------------------------------------------------
 5 Database and data structure
------------------------------------------------------------------------------
[10

] <Pictures/../pictures/ways.png, id=481, 506.8536pt x 257.0403pt>
File: Pictures/../pictures/ways.png Graphic file (type png)

<use Pictures/../pictures/ways.png>
Package pdftex.def Info: Pictures/../pictures/ways.png used on input line 27.
(pdftex.def)             Requested size: 333.97972pt x 169.37257pt.
 [11 <E:/Developing/Vibot/SE/GIT/SE2013-Report/Thesis/Pictures/../pictures/ways
.png>] [12]
<Pictures/../pictures/Class_Diagram.png, id=500, 496.4949pt x 443.7378pt>
File: Pictures/../pictures/Class_Diagram.png Graphic file (type png)

<use Pictures/../pictures/Class_Diagram.png>
Package pdftex.def Info: Pictures/../pictures/Class_Diagram.png used on input l
ine 59.
(pdftex.def)             Requested size: 375.7232pt x 335.81557pt.
)
(E:\Developing\Vibot\SE\GIT\SE2013-Report\Thesis\Chapters/Chapter6.tex [13 <E:/
Developing/Vibot/SE/GIT/SE2013-Report/Thesis/Pictures/../pictures/Class_Diagram
.png>]
Chapter 6.
------------------------------------------------------------------------------
 6 Path algorithms
------------------------------------------------------------------------------

LaTeX Warning: Reference `user_req' on page 14 undefined on input line 19.

[14

] [15] <Pictures/../pictures/snap_points.png, id=518, 192.72pt x 34.2078pt>
File: Pictures/../pictures/snap_points.png Graphic file (type png)

<use Pictures/../pictures/snap_points.png>
Package pdftex.def Info: Pictures/../pictures/snap_points.png used on input lin
e 52.
(pdftex.def)             Requested size: 375.7232pt x 66.69081pt.
 [16 <E:/Developing/Vibot/SE/GIT/SE2013-Report/Thesis/Pictures/../pictures/snap
_points.png>]
<Pictures/../pictures/act_diagram_closest_way.png, id=525, 164.7756pt x 74.9199
pt>
File: Pictures/../pictures/act_diagram_closest_way.png Graphic file (type png)
 <use Pictures/../pictures/act_diagram_closest_way.png>
Package pdftex.def Info: Pictures/../pictures/act_diagram_closest_way.png used 
on input line 64.
(pdftex.def)             Requested size: 292.22987pt x 132.89056pt.


Package hyperref Warning: Token not allowed in a PDF string (Unicode):
(hyperref)                removing `math shift' on input line 72.


Package hyperref Warning: Token not allowed in a PDF string (Unicode):
(hyperref)                removing `math shift' on input line 72.


<Pictures/../pictures/shortest_path_ab_activity.png, id=528, 153.6942pt x 126.9
543pt>
File: Pictures/../pictures/shortest_path_ab_activity.png Graphic file (type png
)
 <use Pictures/../pictures/shortest_path_ab_activity.png>
Package pdftex.def Info: Pictures/../pictures/shortest_path_ab_activity.png use
d on input line 82.
(pdftex.def)             Requested size: 333.97972pt x 275.88313pt.
 [17 <E:/Developing/Vibot/SE/GIT/SE2013-Report/Thesis/Pictures/../pictures/act_
diagram_closest_way.png>]
<Pictures/../pictures/search_ab_result.jpg, id=537, 1388.18625pt x 716.6775pt>
File: Pictures/../pictures/search_ab_result.jpg Graphic file (type jpg)

<use Pictures/../pictures/search_ab_result.jpg>
Package pdftex.def Info: Pictures/../pictures/search_ab_result.jpg used on inpu
t line 92.
(pdftex.def)             Requested size: 333.97972pt x 172.42166pt.

<Pictures/../pictures/search_ab_matlab.jpg, id=538, 741.77126pt x 708.6475pt>
File: Pictures/../pictures/search_ab_matlab.jpg Graphic file (type jpg)

<use Pictures/../pictures/search_ab_matlab.jpg>
Package pdftex.def Info: Pictures/../pictures/search_ab_matlab.jpg used on inpu
t line 98.
(pdftex.def)             Requested size: 250.48637pt x 239.29338pt.


LaTeX Warning: `h' float specifier changed to `ht'.


LaTeX Warning: `h' float specifier changed to `ht'.

[18 <E:/Developing/Vibot/SE/GIT/SE2013-Report/Thesis/Pictures/../pictures/short
est_path_ab_activity.png>]
<Pictures/../pictures/shortest_path_radius.png, id=544, 188.6247pt x 112.2594pt
>
File: Pictures/../pictures/shortest_path_radius.png Graphic file (type png)
 <use Pictures/../pictures/shortest_path_radius.png>
Package pdftex.def Info: Pictures/../pictures/shortest_path_radius.png used on 
input line 114.
(pdftex.def)             Requested size: 333.97972pt x 198.79845pt.
 [19 <E:/Developing/Vibot/SE/GIT/SE2013-Report/Thesis/Pictures/../pictures/sear
ch_ab_result.jpg> <E:/Developing/Vibot/SE/GIT/SE2013-Report/Thesis/Pictures/../
pictures/search_ab_matlab.jpg>]
<Pictures/../pictures/search_radius_result.jpg, id=550, 1032.85875pt x 969.6225
pt>
File: Pictures/../pictures/search_radius_result.jpg Graphic file (type jpg)
 <use Pictures/../pictures/search_radius_result.jpg>
Package pdftex.def Info: Pictures/../pictures/search_radius_result.jpg used on 
input line 123.
(pdftex.def)             Requested size: 333.97972pt x 313.5257pt.


LaTeX Warning: `h' float specifier changed to `ht'.

[20 <E:/Developing/Vibot/SE/GIT/SE2013-Report/Thesis/Pictures/../pictures/short
est_path_radius.png>]
<Pictures/../pictures/shortest_path_itinerary.png, id=557, 182.6022pt x 89.3739
pt>
File: Pictures/../pictures/shortest_path_itinerary.png Graphic file (type png)
 <use Pictures/../pictures/shortest_path_itinerary.png>
Package pdftex.def Info: Pictures/../pictures/shortest_path_itinerary.png used 
on input line 147.
(pdftex.def)             Requested size: 292.22987pt x 143.0366pt.
 [21 <E:/Developing/Vibot/SE/GIT/SE2013-Report/Thesis/Pictures/../pictures/sear
ch_radius_result.jpg>]
<Pictures/../pictures/search_ite_result.jpg, id=563, 882.29625pt x 846.16125pt>
File: Pictures/../pictures/search_ite_result.jpg Graphic file (type jpg)
<use Pictures/../pictures/search_ite_result.jpg>
Package pdftex.def Info: Pictures/../pictures/search_ite_result.jpg used on inp
ut line 156.
(pdftex.def)             Requested size: 333.97972pt x 320.30513pt.


LaTeX Warning: `h' float specifier changed to `ht'.

<Pictures/../pictures/search_ite_matlab.jpg, id=565, 726.715pt x 712.6625pt>
File: Pictures/../pictures/search_ite_matlab.jpg Graphic file (type jpg)

<use Pictures/../pictures/search_ite_matlab.jpg>
Package pdftex.def Info: Pictures/../pictures/search_ite_matlab.jpg used on inp
ut line 164.
(pdftex.def)             Requested size: 250.48637pt x 245.64047pt.
)
(E:\Developing\Vibot\SE\GIT\SE2013-Report\Thesis\Chapters/Chapter8GUI_Matlab.te
x

LaTeX Warning: `h' float specifier changed to `ht'.

[22 <E:/Developing/Vibot/SE/GIT/SE2013-Report/Thesis/Pictures/../pictures/short
est_path_itinerary.png>] [23 <E:/Developing/Vibot/SE/GIT/SE2013-Report/Thesis/P
ictures/../pictures/search_ite_result.jpg> <E:/Developing/Vibot/SE/GIT/SE2013-R
eport/Thesis/Pictures/../pictures/search_ite_matlab.jpg>]
Chapter 7.
------------------------------------------------------------------------------
 7 Graphical User Interface - GUI
------------------------------------------------------------------------------
<Pictures/../pictures/2point_3.png, id=574, 749.80125pt x 575.90157pt>
File: Pictures/../pictures/2point_3.png Graphic file (type png)

<use Pictures/../pictures/2point_3.png>
Package pdftex.def Info: Pictures/../pictures/2point_3.png used on input line 2
2.
(pdftex.def)             Requested size: 333.97972pt x 256.52583pt.

<Pictures/../pictures/Radius_0.png, id=575, 749.80125pt x 578.16pt>
File: Pictures/../pictures/Radius_0.png Graphic file (type png)

<use Pictures/../pictures/Radius_0.png>
Package pdftex.def Info: Pictures/../pictures/Radius_0.png used on input line 2
7.
(pdftex.def)             Requested size: 333.97972pt x 257.53181pt.
 [24

]

LaTeX Warning: `h' float specifier changed to `ht'.

<Pictures/../pictures/EditPOI.png, id=580, 747.54282pt x 566.115pt>
File: Pictures/../pictures/EditPOI.png Graphic file (type png)

<use Pictures/../pictures/EditPOI.png>
Package pdftex.def Info: Pictures/../pictures/EditPOI.png used on input line 39
.
(pdftex.def)             Requested size: 333.97972pt x 252.91809pt.


LaTeX Warning: `h' float specifier changed to `ht'.

<Pictures/../pictures/AddPOI.png, id=581, 750.55406pt x 575.90157pt>
File: Pictures/../pictures/AddPOI.png Graphic file (type png)

<use Pictures/../pictures/AddPOI.png>
Package pdftex.def Info: Pictures/../pictures/AddPOI.png used on input line 45.

(pdftex.def)             Requested size: 333.97972pt x 256.2622pt.


LaTeX Warning: `h' float specifier changed to `ht'.

[25 <E:/Developing/Vibot/SE/GIT/SE2013-Report/Thesis/Pictures/../pictures/2poin
t_3.png>] [26 <E:/Developing/Vibot/SE/GIT/SE2013-Report/Thesis/Pictures/../pict
ures/Radius_0.png>] [27 <E:/Developing/Vibot/SE/GIT/SE2013-Report/Thesis/Pictur
es/../pictures/EditPOI.png> <E:/Developing/Vibot/SE/GIT/SE2013-Report/Thesis/Pi
ctures/../pictures/AddPOI.png>]
Underfull \hbox (badness 10000) in paragraph at lines 66--67

 []

<Pictures/../pictures/721.jpg, id=596, 963.6pt x 714.67pt>
File: Pictures/../pictures/721.jpg Graphic file (type jpg)

<use Pictures/../pictures/721.jpg>
Package pdftex.def Info: Pictures/../pictures/721.jpg used on input line 83.
(pdftex.def)             Requested size: 333.97972pt x 247.69553pt.


LaTeX Warning: `h' float specifier changed to `ht'.

[28] <Pictures/../pictures/722.jpg, id=603, 1054.94125pt x 835.12pt>
File: Pictures/../pictures/722.jpg Graphic file (type jpg)

<use Pictures/../pictures/722.jpg>
Package pdftex.def Info: Pictures/../pictures/722.jpg used on input line 107.
(pdftex.def)             Requested size: 333.97972pt x 264.37671pt.


LaTeX Warning: `h' float specifier changed to `ht'.

[29 <E:/Developing/Vibot/SE/GIT/SE2013-Report/Thesis/Pictures/../pictures/721.j
pg>] <Pictures/../pictures/723.jpg, id=609, 1057.9525pt x 836.12375pt>
File: Pictures/../pictures/723.jpg Graphic file (type jpg)

<use Pictures/../pictures/723.jpg>
Package pdftex.def Info: Pictures/../pictures/723.jpg used on input line 118.
(pdftex.def)             Requested size: 333.97972pt x 263.95448pt.

<Pictures/../pictures/724.jpg, id=611, 1056.94875pt x 269.005pt>
File: Pictures/../pictures/724.jpg Graphic file (type jpg)

<use Pictures/../pictures/724.jpg>
Package pdftex.def Info: Pictures/../pictures/724.jpg used on input line 126.
(pdftex.def)             Requested size: 333.97972pt x 84.99971pt.
 [30 <E:/Developing/Vibot/SE/GIT/SE2013-Report/Thesis/Pictures/../pictures/722.
jpg> <E:/Developing/Vibot/SE/GIT/SE2013-Report/Thesis/Pictures/../pictures/723.
jpg>]
<Pictures/../pictures/725.jpg, id=617, 1054.94125pt x 836.12375pt>
File: Pictures/../pictures/725.jpg Graphic file (type jpg)

<use Pictures/../pictures/725.jpg>
Package pdftex.def Info: Pictures/../pictures/725.jpg used on input line 134.
(pdftex.def)             Requested size: 333.97972pt x 264.69446pt.
 [31 <E:/Developing/Vibot/SE/GIT/SE2013-Report/Thesis/Pictures/../pictures/724.
jpg> <E:/Developing/Vibot/SE/GIT/SE2013-Report/Thesis/Pictures/../pictures/725.
jpg>]
<Pictures/../pictures/726.jpg, id=624, 1053.9375pt x 832.10875pt>
File: Pictures/../pictures/726.jpg Graphic file (type jpg)

<use Pictures/../pictures/726.jpg>
Package pdftex.def Info: Pictures/../pictures/726.jpg used on input line 153.
(pdftex.def)             Requested size: 333.97972pt x 263.69006pt.

<Pictures/../pictures/727.jpg, id=626, 1058.95625pt x 834.11626pt>
File: Pictures/../pictures/727.jpg Graphic file (type jpg)

<use Pictures/../pictures/727.jpg>
Package pdftex.def Info: Pictures/../pictures/727.jpg used on input line 162.
(pdftex.def)             Requested size: 333.97972pt x 263.0662pt.


LaTeX Warning: `h' float specifier changed to `ht'.

<Pictures/../pictures/728.jpg, id=628, 1049.9225pt x 830.10126pt>
File: Pictures/../pictures/728.jpg Graphic file (type jpg)

<use Pictures/../pictures/728.jpg>
Package pdftex.def Info: Pictures/../pictures/728.jpg used on input line 170.
(pdftex.def)             Requested size: 333.97972pt x 264.05453pt.


LaTeX Warning: `h' float specifier changed to `ht'.

<Pictures/../pictures/729.jpg, id=630, 1055.945pt x 832.10875pt>
File: Pictures/../pictures/729.jpg Graphic file (type jpg)

<use Pictures/../pictures/729.jpg>
Package pdftex.def Info: Pictures/../pictures/729.jpg used on input line 178.
(pdftex.def)             Requested size: 333.97972pt x 263.18219pt.


LaTeX Warning: `h' float specifier changed to `ht'.

<Pictures/../pictures/7210.jpg, id=632, 1055.945pt x 294.09875pt>
File: Pictures/../pictures/7210.jpg Graphic file (type jpg)

<use Pictures/../pictures/7210.jpg>
Package pdftex.def Info: Pictures/../pictures/7210.jpg used on input line 189.
(pdftex.def)             Requested size: 333.97972pt x 93.01854pt.

Overfull \hbox (88.26428pt too wide) in paragraph at lines 186--193
\OT1/cmr/m/n/10.95 pick any point MAT-LAB func-tions "Win-dow-But-ton-Down-Fcn"
 and "get(handles.mapDraw,'currentpoint')"
 []

[32 <E:/Developing/Vibot/SE/GIT/SE2013-Report/Thesis/Pictures/../pictures/726.j
pg>]

LaTeX Warning: `h' float specifier changed to `ht'.

<Pictures/../pictures/7211.jpg, id=639, 1053.9375pt x 834.11626pt>
File: Pictures/../pictures/7211.jpg Graphic file (type jpg)

<use Pictures/../pictures/7211.jpg>
Package pdftex.def Info: Pictures/../pictures/7211.jpg used on input line 198.
(pdftex.def)             Requested size: 333.97972pt x 264.32623pt.


LaTeX Warning: `h' float specifier changed to `ht'.

<Pictures/../pictures/7212.jpg, id=640, 666.49pt x 470.75874pt>
File: Pictures/../pictures/7212.jpg Graphic file (type jpg)

<use Pictures/../pictures/7212.jpg>
Package pdftex.def Info: Pictures/../pictures/7212.jpg used on input line 209.
(pdftex.def)             Requested size: 333.97972pt x 235.90317pt.


LaTeX Warning: `h' float specifier changed to `ht'.

) (E:\Developing\Vibot\SE\GIT\SE2013-Report\Thesis\Chapters/Chapter9Versus.tex
[33 <E:/Developing/Vibot/SE/GIT/SE2013-Report/Thesis/Pictures/../pictures/727.j
pg>] [34 <E:/Developing/Vibot/SE/GIT/SE2013-Report/Thesis/Pictures/../pictures/
728.jpg> <E:/Developing/Vibot/SE/GIT/SE2013-Report/Thesis/Pictures/../pictures/
729.jpg>] [35 <E:/Developing/Vibot/SE/GIT/SE2013-Report/Thesis/Pictures/../pict
ures/7210.jpg> <E:/Developing/Vibot/SE/GIT/SE2013-Report/Thesis/Pictures/../pic
tures/7211.jpg> <E:/Developing/Vibot/SE/GIT/SE2013-Report/Thesis/Pictures/../pi
ctures/7212.jpg>]
Chapter 8.
------------------------------------------------------------------------------
 8 C++ vs MATLAB
------------------------------------------------------------------------------
[36

])
(E:\Developing\Vibot\SE\GIT\SE2013-Report\Thesis\Chapters/Chapter10Guide.tex
[37]
Chapter 9.
------------------------------------------------------------------------------
 9 YoMap Matlab User Guide
------------------------------------------------------------------------------

Overfull \hbox (40.5418pt too wide) in paragraph at lines 14--19
\OT1/cmr/m/n/10.95 kle-men.istenic@gmail.com Ok-sana: ok-sana.hagen@gmail.com N
a-talia: na-talia.shepel@gmail.com 
 []

[38

] <Pictures/../pictures/1.jpg, id=681, 791.20593pt x 626.34pt>
File: Pictures/../pictures/1.jpg Graphic file (type jpg)

<use Pictures/../pictures/1.jpg>
Package pdftex.def Info: Pictures/../pictures/1.jpg used on input line 47.
(pdftex.def)             Requested size: 333.97972pt x 264.38945pt.
 [39 <E:/Developing/Vibot/SE/GIT/SE2013-Report/Thesis/Pictures/../pictures/1.jp
g>]
<Pictures/../pictures/2.jpg, id=692, 277.035pt x 122.4575pt>
File: Pictures/../pictures/2.jpg Graphic file (type jpg)

<use Pictures/../pictures/2.jpg>
Package pdftex.def Info: Pictures/../pictures/2.jpg used on input line 65.
(pdftex.def)             Requested size: 333.97972pt x 147.63026pt.

<Pictures/../pictures/3.jpg, id=693, 1054.94125pt x 836.12375pt>
File: Pictures/../pictures/3.jpg Graphic file (type jpg)

<use Pictures/../pictures/3.jpg>
Package pdftex.def Info: Pictures/../pictures/3.jpg used on input line 71.
(pdftex.def)             Requested size: 333.97972pt x 264.69446pt.

<Pictures/../pictures/4.jpg, id=694, 1056.94875pt x 269.005pt>
File: Pictures/../pictures/4.jpg Graphic file (type jpg)

<use Pictures/../pictures/4.jpg>
Package pdftex.def Info: Pictures/../pictures/4.jpg used on input line 77.
(pdftex.def)             Requested size: 333.97972pt x 84.99971pt.


LaTeX Warning: `h' float specifier changed to `ht'.

<Pictures/../pictures/5.jpg, id=696, 1058.95625pt x 834.11626pt>
File: Pictures/../pictures/5.jpg Graphic file (type jpg)

<use Pictures/../pictures/5.jpg>
Package pdftex.def Info: Pictures/../pictures/5.jpg used on input line 85.
(pdftex.def)             Requested size: 333.97972pt x 263.0662pt.
 [40 <E:/Developing/Vibot/SE/GIT/SE2013-Report/Thesis/Pictures/../pictures/2.jp
g> <E:/Developing/Vibot/SE/GIT/SE2013-Report/Thesis/Pictures/../pictures/3.jpg>
]
<Pictures/../pictures/6.jpg, id=703, 1056.94875pt x 255.95625pt>
File: Pictures/../pictures/6.jpg Graphic file (type jpg)

<use Pictures/../pictures/6.jpg>
Package pdftex.def Info: Pictures/../pictures/6.jpg used on input line 93.
(pdftex.def)             Requested size: 333.97972pt x 80.87659pt.


LaTeX Warning: `h' float specifier changed to `ht'.

<Pictures/../pictures/7.jpg, id=706, 1052.93375pt x 190.7125pt>
File: Pictures/../pictures/7.jpg Graphic file (type jpg)

<use Pictures/../pictures/7.jpg>
Package pdftex.def Info: Pictures/../pictures/7.jpg used on input line 102.
(pdftex.def)             Requested size: 333.97972pt x 60.49088pt.

<Pictures/../pictures/8.jpg, id=707, 1057.9525pt x 130.4875pt>
File: Pictures/../pictures/8.jpg Graphic file (type jpg)

<use Pictures/../pictures/8.jpg>
Package pdftex.def Info: Pictures/../pictures/8.jpg used on input line 108.
(pdftex.def)             Requested size: 333.97972pt x 41.19337pt.
 [41 <E:/Developing/Vibot/SE/GIT/SE2013-Report/Thesis/Pictures/../pictures/4.jp
g> <E:/Developing/Vibot/SE/GIT/SE2013-Report/Thesis/Pictures/../pictures/5.jpg>
]
<Pictures/../pictures/9.jpg, id=713, 1057.9525pt x 190.7125pt>
File: Pictures/../pictures/9.jpg Graphic file (type jpg)

<use Pictures/../pictures/9.jpg>
Package pdftex.def Info: Pictures/../pictures/9.jpg used on input line 116.
(pdftex.def)             Requested size: 333.97972pt x 60.20569pt.


LaTeX Warning: `h' float specifier changed to `ht'.

<Pictures/../pictures/10.jpg, id=714, 1058.95625pt x 188.705pt>
File: Pictures/../pictures/10.jpg Graphic file (type jpg)

<use Pictures/../pictures/10.jpg>
Package pdftex.def Info: Pictures/../pictures/10.jpg used on input line 124.
(pdftex.def)             Requested size: 333.97972pt x 59.51436pt.
) [42 <E:/Developing/Vibot/SE/GIT/SE2013-Report/Thesis/Pictures/../pictures/6.j
pg> <E:/Developing/Vibot/SE/GIT/SE2013-Report/Thesis/Pictures/../pictures/7.jpg
> <E:/Developing/Vibot/SE/GIT/SE2013-Report/Thesis/Pictures/../pictures/8.jpg>]

(E:\Developing\Vibot\SE\GIT\SE2013-Report\Thesis\Appendices/AppendixA.tex
[43 <E:/Developing/Vibot/SE/GIT/SE2013-Report/Thesis/Pictures/../pictures/9.jpg
> <E:/Developing/Vibot/SE/GIT/SE2013-Report/Thesis/Pictures/../pictures/10.jpg>
]
Appendix A.
------------------------------------------------------------------------------
 A Appendix Title Here
------------------------------------------------------------------------------
) [44

]
------------------------------------------------------------------------------
 Bibliography
------------------------------------------------------------------------------
(E:\Developing\Vibot\SE\GIT\SE2013-Report\Thesis\main.bbl
Underfull \hbox (badness 10000) in paragraph at lines 26--30
[]\OT1/cmr/m/n/10.95 Notmagi.me.  2014.  URL [][]$\OT1/cmtt/m/n/10.95 http : / 
/ notmagi . me /$
 []

)
Package atveryend Info: Empty hook `BeforeClearDocument' on input line 159.
 [45


]
Package atveryend Info: Empty hook `AfterLastShipout' on input line 159.
 (E:\Developing\Vibot\SE\GIT\SE2013-Report\Thesis\main.aux)
Package atveryend Info: Executing hook `AtVeryEndDocument' on input line 159.
Package atveryend Info: Executing hook `AtEndAfterFileList' on input line 159.
Package rerunfilecheck Info: File `main.out' has not changed.
(rerunfilecheck)             Checksum: E6D17E934239CC57A6916637531C9E4B;10247.


LaTeX Warning: There were undefined references.

Package atveryend Info: Empty hook `AtVeryVeryEnd' on input line 159.
 ) 
Here is how much of TeX's memory you used:
 13647 strings out of 493921
 196053 string characters out of 3147279
 257837 words of memory out of 3000000
 16495 multiletter control sequences out of 15000+200000
 15035 words of font info for 57 fonts, out of 3000000 for 9000
 841 hyphenation exceptions out of 8191
 49i,11n,45p,976b,429s stack positions out of 5000i,500n,10000p,200000b,50000s
<C:/Program Files/MiKTeX 2.9/fonts/type1/public/amsfonts/cm/cmbx10.pfb><C:/Pr
ogram Files/MiKTeX 2.9/fonts/type1/public/amsfonts/cm/cmbx12.pfb><C:/Program Fi
les/MiKTeX 2.9/fonts/type1/public/amsfonts/cm/cmcsc10.pfb><C:/Program Files/MiK
TeX 2.9/fonts/type1/public/amsfonts/cm/cmmi10.pfb><C:/Program Files/MiKTeX 2.9/
fonts/type1/public/amsfonts/cm/cmmi12.pfb><C:/Program Files/MiKTeX 2.9/fonts/ty
pe1/public/amsfonts/cm/cmr10.pfb><C:/Program Files/MiKTeX 2.9/fonts/type1/publi
c/amsfonts/cm/cmr12.pfb><C:/Program Files/MiKTeX 2.9/fonts/type1/public/amsfont
s/cm/cmr17.pfb><C:/Program Files/MiKTeX 2.9/fonts/type1/public/amsfonts/cm/cmsy
10.pfb><C:/Program Files/MiKTeX 2.9/fonts/type1/public/amsfonts/cm/cmti10.pfb><
C:/Program Files/MiKTeX 2.9/fonts/type1/public/amsfonts/cm/cmtt10.pfb>
Output written on main.pdf (50 pages, 6742103 bytes).
PDF statistics:
 822 PDF objects out of 1000 (max. 8388607)
 188 named destinations out of 1000 (max. 500000)
 683 words of extra memory for PDF output out of 10000 (max. 10000000)

